# JRE version: OpenJDK Runtime Environment (8.0_152-b02) (build 1.8.0_152-release-1024-b02)
# Java VM: OpenJDK 64-Bit Server VM (25.152-b02 mixed mode windows-amd64 compressed oops)
Heap:
 PSYoungGen      total 323072K, used 263661K [0x00000000eab00000, 0x0000000100000000, 0x0000000100000000)
  eden space 300032K, 85% used [0x00000000eab00000,0x00000000fa570570,0x00000000fd000000)
  from space 23040K, 31% used [0x00000000fd000000,0x00000000fd70b268,0x00000000fe680000)
  to   space 22528K, 0% used [0x00000000fea00000,0x00000000fea00000,0x0000000100000000)
 ParOldGen       total 112128K, used 64129K [0x00000000c0000000, 0x00000000c6d80000, 0x00000000eab00000)
  object space 112128K, 57% used [0x00000000c0000000,0x00000000c3ea05c0,0x00000000c6d80000)
 Metaspace       used 77058K, capacity 80784K, committed 81024K, reserved 1120256K
  class space    used 10149K, capacity 11086K, committed 11136K, reserved 1048576K
GC Heap History (10 events):
Event: 27.777 GC heap before
{Heap before GC invocations=15 (full 3):
 PSYoungGen      total 195072K, used 179712K [0x00000000eab00000, 0x00000000fd800000, 0x0000000100000000)
  eden space 179712K, 100% used [0x00000000eab00000,0x00000000f5a80000,0x00000000f5a80000)
  from space 15360K, 0% used [0x00000000f5a80000,0x00000000f5a80000,0x00000000f6980000)
  to   space 22016K, 0% used [0x00000000fc280000,0x00000000fc280000,0x00000000fd800000)
 ParOldGen       total 78336K, used 43295K [0x00000000c0000000, 0x00000000c4c80000, 0x00000000eab00000)
  object space 78336K, 55% used [0x00000000c0000000,0x00000000c2a47d38,0x00000000c4c80000)
 Metaspace       used 62961K, capacity 65342K, committed 65408K, reserved 1105920K
  class space    used 8659K, capacity 9344K, committed 9344K, reserved 1048576K
Event: 27.805 GC heap after
Heap after GC invocations=15 (full 3):
 PSYoungGen      total 266752K, used 19749K [0x00000000eab00000, 0x00000000fd600000, 0x0000000100000000)
  eden space 246784K, 0% used [0x00000000eab00000,0x00000000eab00000,0x00000000f9c00000)
  from space 19968K, 98% used [0x00000000fc280000,0x00000000fd5c9560,0x00000000fd600000)
  to   space 25088K, 0% used [0x00000000fa500000,0x00000000fa500000,0x00000000fbd80000)
 ParOldGen       total 78336K, used 43303K [0x00000000c0000000, 0x00000000c4c80000, 0x00000000eab00000)
  object space 78336K, 55% used [0x00000000c0000000,0x00000000c2a49d38,0x00000000c4c80000)
 Metaspace       used 62961K, capacity 65342K, committed 65408K, reserved 1105920K
  class space    used 8659K, capacity 9344K, committed 9344K, reserved 1048576K
}
Event: 48.562 GC heap before
{Heap before GC invocations=16 (full 3):
 PSYoungGen      total 266752K, used 266533K [0x00000000eab00000, 0x00000000fd600000, 0x0000000100000000)
  eden space 246784K, 100% used [0x00000000eab00000,0x00000000f9c00000,0x00000000f9c00000)
  from space 19968K, 98% used [0x00000000fc280000,0x00000000fd5c9560,0x00000000fd600000)
  to   space 25088K, 0% used [0x00000000fa500000,0x00000000fa500000,0x00000000fbd80000)
 ParOldGen       total 78336K, used 43303K [0x00000000c0000000, 0x00000000c4c80000, 0x00000000eab00000)
  object space 78336K, 55% used [0x00000000c0000000,0x00000000c2a49d38,0x00000000c4c80000)
 Metaspace       used 67996K, capacity 70926K, committed 71168K, reserved 1110016K
  class space    used 9114K, capacity 9861K, committed 9984K, reserved 1048576K
Event: 48.601 GC heap after
Heap after GC invocations=16 (full 3):
 PSYoungGen      total 281088K, used 12309K [0x00000000eab00000, 0x0000000100000000, 0x0000000100000000)
  eden space 256000K, 0% used [0x00000000eab00000,0x00000000eab00000,0x00000000fa500000)
  from space 25088K, 49% used [0x00000000fa500000,0x00000000fb105730,0x00000000fbd80000)
  to   space 24064K, 0% used [0x00000000fe880000,0x00000000fe880000,0x0000000100000000)
 ParOldGen       total 78336K, used 58867K [0x00000000c0000000, 0x00000000c4c80000, 0x00000000eab00000)
  object space 78336K, 75% used [0x00000000c0000000,0x00000000c397cec0,0x00000000c4c80000)
 Metaspace       used 67996K, capacity 70926K, committed 71168K, reserved 1110016K
  class space    used 9114K, capacity 9861K, committed 9984K, reserved 1048576K
}
Event: 70.445 GC heap before
{Heap before GC invocations=17 (full 3):
 PSYoungGen      total 281088K, used 268309K [0x00000000eab00000, 0x0000000100000000, 0x0000000100000000)
  eden space 256000K, 100% used [0x00000000eab00000,0x00000000fa500000,0x00000000fa500000)
  from space 25088K, 49% used [0x00000000fa500000,0x00000000fb105730,0x00000000fbd80000)
  to   space 24064K, 0% used [0x00000000fe880000,0x00000000fe880000,0x0000000100000000)
 ParOldGen       total 78336K, used 58867K [0x00000000c0000000, 0x00000000c4c80000, 0x00000000eab00000)
  object space 78336K, 75% used [0x00000000c0000000,0x00000000c397cec0,0x00000000c4c80000)
 Metaspace       used 73177K, capacity 76168K, committed 76416K, reserved 1116160K
  class space    used 9730K, capacity 10501K, committed 10624K, reserved 1048576K
Event: 70.476 GC heap after
Heap after GC invocations=17 (full 3):
 PSYoungGen      total 321024K, used 8820K [0x00000000eab00000, 0x00000000ffd00000, 0x0000000100000000)
  eden space 300032K, 0% used [0x00000000eab00000,0x00000000eab00000,0x00000000fd000000)
  from space 20992K, 42% used [0x00000000fe880000,0x00000000ff11d178,0x00000000ffd00000)
  to   space 23040K, 0% used [0x00000000fd000000,0x00000000fd000000,0x00000000fe680000)
 ParOldGen       total 78336K, used 67970K [0x00000000c0000000, 0x00000000c4c80000, 0x00000000eab00000)
  object space 78336K, 86% used [0x00000000c0000000,0x00000000c4260980,0x00000000c4c80000)
 Metaspace       used 73177K, capacity 76168K, committed 76416K, reserved 1116160K
  class space    used 9730K, capacity 10501K, committed 10624K, reserved 1048576K
}
Event: 70.476 GC heap before
{Heap before GC invocations=18 (full 4):
 PSYoungGen      total 321024K, used 8820K [0x00000000eab00000, 0x00000000ffd00000, 0x0000000100000000)
  eden space 300032K, 0% used [0x00000000eab00000,0x00000000eab00000,0x00000000fd000000)
  from space 20992K, 42% used [0x00000000fe880000,0x00000000ff11d178,0x00000000ffd00000)
  to   space 23040K, 0% used [0x00000000fd000000,0x00000000fd000000,0x00000000fe680000)
 ParOldGen       total 78336K, used 67970K [0x00000000c0000000, 0x00000000c4c80000, 0x00000000eab00000)
  object space 78336K, 86% used [0x00000000c0000000,0x00000000c4260980,0x00000000c4c80000)
 Metaspace       used 73177K, capacity 76168K, committed 76416K, reserved 1116160K
  class space    used 9730K, capacity 10501K, committed 10624K, reserved 1048576K
Event: 70.816 GC heap after
Heap after GC invocations=18 (full 4):
 PSYoungGen      total 321024K, used 0K [0x00000000eab00000, 0x00000000ffd00000, 0x0000000100000000)
  eden space 300032K, 0% used [0x00000000eab00000,0x00000000eab00000,0x00000000fd000000)
  from space 20992K, 0% used [0x00000000fe880000,0x00000000fe880000,0x00000000ffd00000)
  to   space 23040K, 0% used [0x00000000fd000000,0x00000000fd000000,0x00000000fe680000)
 ParOldGen       total 112128K, used 64121K [0x00000000c0000000, 0x00000000c6d80000, 0x00000000eab00000)
  object space 112128K, 57% used [0x00000000c0000000,0x00000000c3e9e5c0,0x00000000c6d80000)
 Metaspace       used 73177K, capacity 76168K, committed 76416K, reserved 1116160K
  class space    used 9730K, capacity 10501K, committed 10624K, reserved 1048576K
}
Event: 262.527 GC heap before
{Heap before GC invocations=19 (full 4):
 PSYoungGen      total 321024K, used 300032K [0x00000000eab00000, 0x00000000ffd00000, 0x0000000100000000)
  eden space 300032K, 100% used [0x00000000eab00000,0x00000000fd000000,0x00000000fd000000)
  from space 20992K, 0% used [0x00000000fe880000,0x00000000fe880000,0x00000000ffd00000)
  to   space 23040K, 0% used [0x00000000fd000000,0x00000000fd000000,0x00000000fe680000)
 ParOldGen       total 112128K, used 64121K [0x00000000c0000000, 0x00000000c6d80000, 0x00000000eab00000)
  object space 112128K, 57% used [0x00000000c0000000,0x00000000c3e9e5c0,0x00000000c6d80000)
 Metaspace       used 75740K, capacity 79152K, committed 79360K, reserved 1118208K
  class space    used 10012K, capacity 10892K, committed 11008K, reserved 1048576K
Event: 262.620 GC heap after
Heap after GC invocations=19 (full 4):
 PSYoungGen      total 323072K, used 7212K [0x00000000eab00000, 0x0000000100000000, 0x0000000100000000)
  eden space 300032K, 0% used [0x00000000eab00000,0x00000000eab00000,0x00000000fd000000)
  from space 23040K, 31% used [0x00000000fd000000,0x00000000fd70b268,0x00000000fe680000)
  to   space 22528K, 0% used [0x00000000fea00000,0x00000000fea00000,0x0000000100000000)
 ParOldGen       total 112128K, used 64129K [0x00000000c0000000, 0x00000000c6d80000, 0x00000000eab00000)
  object space 112128K, 57% used [0x00000000c0000000,0x00000000c3ea05c0,0x00000000c6d80000)
 Metaspace       used 75740K, capacity 79152K, committed 79360K, reserved 1118208K
  class space    used 10012K, capacity 10892K, committed 11008K, reserved 1048576K
}

