# JRE version: OpenJDK Runtime Environment (8.0_152-b02) (build 1.8.0_152-release-1024-b02)
# Java VM: OpenJDK 64-Bit Server VM (25.152-b02 mixed mode windows-amd64 compressed oops)
Heap:
 PSYoungGen      total 195584K, used 94044K [0x00000000eab00000, 0x00000000f8b80000, 0x0000000100000000)
  eden space 173568K, 54% used [0x00000000eab00000,0x00000000f06d73d8,0x00000000f5480000)
  from space 22016K, 0% used [0x00000000f6e00000,0x00000000f6e00000,0x00000000f8380000)
  to   space 26112K, 0% used [0x00000000f5480000,0x00000000f5480000,0x00000000f6e00000)
 ParOldGen       total 68096K, used 40756K [0x00000000c0000000, 0x00000000c4280000, 0x00000000eab00000)
  object space 68096K, 59% used [0x00000000c0000000,0x00000000c27cd3e8,0x00000000c4280000)
 Metaspace       used 59065K, capacity 61244K, committed 61528K, reserved 1101824K
  class space    used 8098K, capacity 8707K, committed 8832K, reserved 1048576K
GC Heap History (10 events):
Event: 8.784 GC heap before
{Heap before GC invocations=9 (full 2):
 PSYoungGen      total 138240K, used 10220K [0x00000000eab00000, 0x00000000f5380000, 0x0000000100000000)
  eden space 128000K, 0% used [0x00000000eab00000,0x00000000eab00000,0x00000000f2800000)
  from space 10240K, 99% used [0x00000000f2800000,0x00000000f31fb1c0,0x00000000f3200000)
  to   space 13312K, 0% used [0x00000000f4680000,0x00000000f4680000,0x00000000f5380000)
 ParOldGen       total 46080K, used 16113K [0x00000000c0000000, 0x00000000c2d00000, 0x00000000eab00000)
  object space 46080K, 34% used [0x00000000c0000000,0x00000000c0fbc598,0x00000000c2d00000)
 Metaspace       used 34563K, capacity 35306K, committed 35416K, reserved 1079296K
  class space    used 4760K, capacity 4979K, committed 4992K, reserved 1048576K
Event: 8.979 GC heap after
Heap after GC invocations=9 (full 2):
 PSYoungGen      total 138240K, used 0K [0x00000000eab00000, 0x00000000f5380000, 0x0000000100000000)
  eden space 128000K, 0% used [0x00000000eab00000,0x00000000eab00000,0x00000000f2800000)
  from space 10240K, 0% used [0x00000000f2800000,0x00000000f2800000,0x00000000f3200000)
  to   space 13312K, 0% used [0x00000000f4680000,0x00000000f4680000,0x00000000f5380000)
 ParOldGen       total 68096K, used 19691K [0x00000000c0000000, 0x00000000c4280000, 0x00000000eab00000)
  object space 68096K, 28% used [0x00000000c0000000,0x00000000c133af90,0x00000000c4280000)
 Metaspace       used 34563K, capacity 35306K, committed 35416K, reserved 1079296K
  class space    used 4760K, capacity 4979K, committed 4992K, reserved 1048576K
}
Event: 11.799 GC heap before
{Heap before GC invocations=10 (full 2):
 PSYoungGen      total 138240K, used 128000K [0x00000000eab00000, 0x00000000f5380000, 0x0000000100000000)
  eden space 128000K, 100% used [0x00000000eab00000,0x00000000f2800000,0x00000000f2800000)
  from space 10240K, 0% used [0x00000000f2800000,0x00000000f2800000,0x00000000f3200000)
  to   space 13312K, 0% used [0x00000000f4680000,0x00000000f4680000,0x00000000f5380000)
 ParOldGen       total 68096K, used 19691K [0x00000000c0000000, 0x00000000c4280000, 0x00000000eab00000)
  object space 68096K, 28% used [0x00000000c0000000,0x00000000c133af90,0x00000000c4280000)
 Metaspace       used 41212K, capacity 42190K, committed 42328K, reserved 1085440K
  class space    used 5626K, capacity 5944K, committed 6016K, reserved 1048576K
Event: 11.911 GC heap after
Heap after GC invocations=10 (full 2):
 PSYoungGen      total 156672K, used 13295K [0x00000000eab00000, 0x00000000f7c80000, 0x0000000100000000)
  eden space 143360K, 0% used [0x00000000eab00000,0x00000000eab00000,0x00000000f3700000)
  from space 13312K, 99% used [0x00000000f4680000,0x00000000f537bfd0,0x00000000f5380000)
  to   space 15872K, 0% used [0x00000000f3700000,0x00000000f3700000,0x00000000f4680000)
 ParOldGen       total 68096K, used 20554K [0x00000000c0000000, 0x00000000c4280000, 0x00000000eab00000)
  object space 68096K, 30% used [0x00000000c0000000,0x00000000c1412a98,0x00000000c4280000)
 Metaspace       used 41212K, capacity 42190K, committed 42328K, reserved 1085440K
  class space    used 5626K, capacity 5944K, committed 6016K, reserved 1048576K
}
Event: 15.274 GC heap before
{Heap before GC invocations=11 (full 2):
 PSYoungGen      total 156672K, used 156655K [0x00000000eab00000, 0x00000000f7c80000, 0x0000000100000000)
  eden space 143360K, 100% used [0x00000000eab00000,0x00000000f3700000,0x00000000f3700000)
  from space 13312K, 99% used [0x00000000f4680000,0x00000000f537bfd0,0x00000000f5380000)
  to   space 15872K, 0% used [0x00000000f3700000,0x00000000f3700000,0x00000000f4680000)
 ParOldGen       total 68096K, used 20554K [0x00000000c0000000, 0x00000000c4280000, 0x00000000eab00000)
  object space 68096K, 30% used [0x00000000c0000000,0x00000000c1412a98,0x00000000c4280000)
 Metaspace       used 52460K, capacity 54274K, committed 54616K, reserved 1095680K
  class space    used 7220K, capacity 7689K, committed 7808K, reserved 1048576K
Event: 15.312 GC heap after
Heap after GC invocations=11 (full 2):
 PSYoungGen      total 159232K, used 15858K [0x00000000eab00000, 0x00000000f8380000, 0x0000000100000000)
  eden space 143360K, 0% used [0x00000000eab00000,0x00000000eab00000,0x00000000f3700000)
  from space 15872K, 99% used [0x00000000f3700000,0x00000000f467c908,0x00000000f4680000)
  to   space 22016K, 0% used [0x00000000f6e00000,0x00000000f6e00000,0x00000000f8380000)
 ParOldGen       total 68096K, used 29541K [0x00000000c0000000, 0x00000000c4280000, 0x00000000eab00000)
  object space 68096K, 43% used [0x00000000c0000000,0x00000000c1cd9498,0x00000000c4280000)
 Metaspace       used 52460K, capacity 54274K, committed 54616K, reserved 1095680K
  class space    used 7220K, capacity 7689K, committed 7808K, reserved 1048576K
}
Event: 17.037 GC heap before
{Heap before GC invocations=12 (full 2):
 PSYoungGen      total 159232K, used 82454K [0x00000000eab00000, 0x00000000f8380000, 0x0000000100000000)
  eden space 143360K, 46% used [0x00000000eab00000,0x00000000eec092c8,0x00000000f3700000)
  from space 15872K, 99% used [0x00000000f3700000,0x00000000f467c908,0x00000000f4680000)
  to   space 22016K, 0% used [0x00000000f6e00000,0x00000000f6e00000,0x00000000f8380000)
 ParOldGen       total 68096K, used 29541K [0x00000000c0000000, 0x00000000c4280000, 0x00000000eab00000)
  object space 68096K, 43% used [0x00000000c0000000,0x00000000c1cd9498,0x00000000c4280000)
 Metaspace       used 56875K, capacity 58894K, committed 59028K, reserved 1099776K
  class space    used 7842K, capacity 8386K, committed 8448K, reserved 1048576K
Event: 17.067 GC heap after
Heap after GC invocations=12 (full 2):
 PSYoungGen      total 195584K, used 21998K [0x00000000eab00000, 0x00000000f8b80000, 0x0000000100000000)
  eden space 173568K, 0% used [0x00000000eab00000,0x00000000eab00000,0x00000000f5480000)
  from space 22016K, 99% used [0x00000000f6e00000,0x00000000f837bb38,0x00000000f8380000)
  to   space 26112K, 0% used [0x00000000f5480000,0x00000000f5480000,0x00000000f6e00000)
 ParOldGen       total 68096K, used 32243K [0x00000000c0000000, 0x00000000c4280000, 0x00000000eab00000)
  object space 68096K, 47% used [0x00000000c0000000,0x00000000c1f7cdb0,0x00000000c4280000)
 Metaspace       used 56875K, capacity 58894K, committed 59028K, reserved 1099776K
  class space    used 7842K, capacity 8386K, committed 8448K, reserved 1048576K
}
Event: 17.068 GC heap before
{Heap before GC invocations=13 (full 3):
 PSYoungGen      total 195584K, used 21998K [0x00000000eab00000, 0x00000000f8b80000, 0x0000000100000000)
  eden space 173568K, 0% used [0x00000000eab00000,0x00000000eab00000,0x00000000f5480000)
  from space 22016K, 99% used [0x00000000f6e00000,0x00000000f837bb38,0x00000000f8380000)
  to   space 26112K, 0% used [0x00000000f5480000,0x00000000f5480000,0x00000000f6e00000)
 ParOldGen       total 68096K, used 32243K [0x00000000c0000000, 0x00000000c4280000, 0x00000000eab00000)
  object space 68096K, 47% used [0x00000000c0000000,0x00000000c1f7cdb0,0x00000000c4280000)
 Metaspace       used 56875K, capacity 58894K, committed 59028K, reserved 1099776K
  class space    used 7842K, capacity 8386K, committed 8448K, reserved 1048576K
Event: 17.367 GC heap after
Heap after GC invocations=13 (full 3):
 PSYoungGen      total 195584K, used 0K [0x00000000eab00000, 0x00000000f8b80000, 0x0000000100000000)
  eden space 173568K, 0% used [0x00000000eab00000,0x00000000eab00000,0x00000000f5480000)
  from space 22016K, 0% used [0x00000000f6e00000,0x00000000f6e00000,0x00000000f8380000)
  to   space 26112K, 0% used [0x00000000f5480000,0x00000000f5480000,0x00000000f6e00000)
 ParOldGen       total 68096K, used 40756K [0x00000000c0000000, 0x00000000c4280000, 0x00000000eab00000)
  object space 68096K, 59% used [0x00000000c0000000,0x00000000c27cd3e8,0x00000000c4280000)
 Metaspace       used 56875K, capacity 58894K, committed 59028K, reserved 1099776K
  class space    used 7842K, capacity 8386K, committed 8448K, reserved 1048576K
}

