# JRE version: OpenJDK Runtime Environment (8.0_152-b02) (build 1.8.0_152-release-1024-b02)
# Java VM: OpenJDK 64-Bit Server VM (25.152-b02 mixed mode windows-amd64 compressed oops)
Heap:
 PSYoungGen      total 302592K, used 114330K [0x00000000eab00000, 0x0000000100000000, 0x0000000100000000)
  eden space 261120K, 27% used [0x00000000eab00000,0x00000000ef25cd60,0x00000000faa00000)
  from space 41472K, 99% used [0x00000000faa00000,0x00000000fd249b98,0x00000000fd280000)
  to   space 46592K, 0% used [0x00000000fd280000,0x00000000fd280000,0x0000000100000000)
 ParOldGen       total 156672K, used 84228K [0x00000000c0000000, 0x00000000c9900000, 0x00000000eab00000)
  object space 156672K, 53% used [0x00000000c0000000,0x00000000c5241108,0x00000000c9900000)
 Metaspace       used 118213K, capacity 125624K, committed 125844K, reserved 1157120K
  class space    used 15621K, capacity 17458K, committed 17556K, reserved 1048576K
GC Heap History (10 events):
Event: 444.168 GC heap before
{Heap before GC invocations=19 (full 3):
 PSYoungGen      total 256000K, used 254896K [0x00000000eab00000, 0x00000000ff580000, 0x0000000100000000)
  eden space 230912K, 99% used [0x00000000eab00000,0x00000000f8b725f0,0x00000000f8c80000)
  from space 25088K, 99% used [0x00000000f8c80000,0x00000000fa4f9c08,0x00000000fa500000)
  to   space 32256K, 0% used [0x00000000fd600000,0x00000000fd600000,0x00000000ff580000)
 ParOldGen       total 100864K, used 58474K [0x00000000c0000000, 0x00000000c6280000, 0x00000000eab00000)
  object space 100864K, 57% used [0x00000000c0000000,0x00000000c391aa88,0x00000000c6280000)
 Metaspace       used 92894K, capacity 98134K, committed 98380K, reserved 1134592K
  class space    used 12444K, capacity 13870K, committed 13972K, reserved 1048576K
Event: 444.227 GC heap after
Heap after GC invocations=19 (full 3):
 PSYoungGen      total 304640K, used 21944K [0x00000000eab00000, 0x00000000ffc00000, 0x0000000100000000)
  eden space 272384K, 0% used [0x00000000eab00000,0x00000000eab00000,0x00000000fb500000)
  from space 32256K, 68% used [0x00000000fd600000,0x00000000feb6e1f8,0x00000000ff580000)
  to   space 33792K, 0% used [0x00000000fb500000,0x00000000fb500000,0x00000000fd600000)
 ParOldGen       total 100864K, used 78774K [0x00000000c0000000, 0x00000000c6280000, 0x00000000eab00000)
  object space 100864K, 78% used [0x00000000c0000000,0x00000000c4ced9d0,0x00000000c6280000)
 Metaspace       used 92894K, capacity 98134K, committed 98380K, reserved 1134592K
  class space    used 12444K, capacity 13870K, committed 13972K, reserved 1048576K
}
Event: 444.227 GC heap before
{Heap before GC invocations=20 (full 4):
 PSYoungGen      total 304640K, used 21944K [0x00000000eab00000, 0x00000000ffc00000, 0x0000000100000000)
  eden space 272384K, 0% used [0x00000000eab00000,0x00000000eab00000,0x00000000fb500000)
  from space 32256K, 68% used [0x00000000fd600000,0x00000000feb6e1f8,0x00000000ff580000)
  to   space 33792K, 0% used [0x00000000fb500000,0x00000000fb500000,0x00000000fd600000)
 ParOldGen       total 100864K, used 78774K [0x00000000c0000000, 0x00000000c6280000, 0x00000000eab00000)
  object space 100864K, 78% used [0x00000000c0000000,0x00000000c4ced9d0,0x00000000c6280000)
 Metaspace       used 92894K, capacity 98134K, committed 98380K, reserved 1134592K
  class space    used 12444K, capacity 13870K, committed 13972K, reserved 1048576K
Event: 444.683 GC heap after
Heap after GC invocations=20 (full 4):
 PSYoungGen      total 304640K, used 0K [0x00000000eab00000, 0x00000000ffc00000, 0x0000000100000000)
  eden space 272384K, 0% used [0x00000000eab00000,0x00000000eab00000,0x00000000fb500000)
  from space 32256K, 0% used [0x00000000fd600000,0x00000000fd600000,0x00000000ff580000)
  to   space 33792K, 0% used [0x00000000fb500000,0x00000000fb500000,0x00000000fd600000)
 ParOldGen       total 156672K, used 84181K [0x00000000c0000000, 0x00000000c9900000, 0x00000000eab00000)
  object space 156672K, 53% used [0x00000000c0000000,0x00000000c52354a8,0x00000000c9900000)
 Metaspace       used 92894K, capacity 98134K, committed 98380K, reserved 1134592K
  class space    used 12444K, capacity 13870K, committed 13972K, reserved 1048576K
}
Event: 722.398 GC heap before
{Heap before GC invocations=21 (full 4):
 PSYoungGen      total 304640K, used 272384K [0x00000000eab00000, 0x00000000ffc00000, 0x0000000100000000)
  eden space 272384K, 100% used [0x00000000eab00000,0x00000000fb500000,0x00000000fb500000)
  from space 32256K, 0% used [0x00000000fd600000,0x00000000fd600000,0x00000000ff580000)
  to   space 33792K, 0% used [0x00000000fb500000,0x00000000fb500000,0x00000000fd600000)
 ParOldGen       total 156672K, used 84181K [0x00000000c0000000, 0x00000000c9900000, 0x00000000eab00000)
  object space 156672K, 53% used [0x00000000c0000000,0x00000000c52354a8,0x00000000c9900000)
 Metaspace       used 104884K, capacity 111160K, committed 111508K, reserved 1144832K
  class space    used 14010K, capacity 15656K, committed 15764K, reserved 1048576K
Event: 722.451 GC heap after
Heap after GC invocations=21 (full 4):
 PSYoungGen      total 306176K, used 32605K [0x00000000eab00000, 0x0000000100000000, 0x0000000100000000)
  eden space 272384K, 0% used [0x00000000eab00000,0x00000000eab00000,0x00000000fb500000)
  from space 33792K, 96% used [0x00000000fb500000,0x00000000fd4d7410,0x00000000fd600000)
  to   space 38400K, 0% used [0x00000000fda80000,0x00000000fda80000,0x0000000100000000)
 ParOldGen       total 156672K, used 84189K [0x00000000c0000000, 0x00000000c9900000, 0x00000000eab00000)
  object space 156672K, 53% used [0x00000000c0000000,0x00000000c52374a8,0x00000000c9900000)
 Metaspace       used 104884K, capacity 111160K, committed 111508K, reserved 1144832K
  class space    used 14010K, capacity 15656K, committed 15764K, reserved 1048576K
}
Event: 771.262 GC heap before
{Heap before GC invocations=22 (full 4):
 PSYoungGen      total 306176K, used 304989K [0x00000000eab00000, 0x0000000100000000, 0x0000000100000000)
  eden space 272384K, 100% used [0x00000000eab00000,0x00000000fb500000,0x00000000fb500000)
  from space 33792K, 96% used [0x00000000fb500000,0x00000000fd4d7410,0x00000000fd600000)
  to   space 38400K, 0% used [0x00000000fda80000,0x00000000fda80000,0x0000000100000000)
 ParOldGen       total 156672K, used 84189K [0x00000000c0000000, 0x00000000c9900000, 0x00000000eab00000)
  object space 156672K, 53% used [0x00000000c0000000,0x00000000c52374a8,0x00000000c9900000)
 Metaspace       used 111725K, capacity 118496K, committed 118676K, reserved 1150976K
  class space    used 14785K, capacity 16523K, committed 16532K, reserved 1048576K
Event: 771.373 GC heap after
Heap after GC invocations=22 (full 4):
 PSYoungGen      total 299520K, used 36500K [0x00000000eab00000, 0x0000000100000000, 0x0000000100000000)
  eden space 261120K, 0% used [0x00000000eab00000,0x00000000eab00000,0x00000000faa00000)
  from space 38400K, 95% used [0x00000000fda80000,0x00000000ffe250e8,0x0000000100000000)
  to   space 44032K, 0% used [0x00000000faa00000,0x00000000faa00000,0x00000000fd500000)
 ParOldGen       total 156672K, used 84220K [0x00000000c0000000, 0x00000000c9900000, 0x00000000eab00000)
  object space 156672K, 53% used [0x00000000c0000000,0x00000000c523f108,0x00000000c9900000)
 Metaspace       used 111725K, capacity 118496K, committed 118676K, reserved 1150976K
  class space    used 14785K, capacity 16523K, committed 16532K, reserved 1048576K
}
Event: 793.622 GC heap before
{Heap before GC invocations=23 (full 4):
 PSYoungGen      total 299520K, used 297620K [0x00000000eab00000, 0x0000000100000000, 0x0000000100000000)
  eden space 261120K, 100% used [0x00000000eab00000,0x00000000faa00000,0x00000000faa00000)
  from space 38400K, 95% used [0x00000000fda80000,0x00000000ffe250e8,0x0000000100000000)
  to   space 44032K, 0% used [0x00000000faa00000,0x00000000faa00000,0x00000000fd500000)
 ParOldGen       total 156672K, used 84220K [0x00000000c0000000, 0x00000000c9900000, 0x00000000eab00000)
  object space 156672K, 53% used [0x00000000c0000000,0x00000000c523f108,0x00000000c9900000)
 Metaspace       used 118061K, capacity 125432K, committed 125588K, reserved 1157120K
  class space    used 15619K, capacity 17458K, committed 17556K, reserved 1048576K
Event: 793.683 GC heap after
Heap after GC invocations=23 (full 4):
 PSYoungGen      total 302592K, used 41254K [0x00000000eab00000, 0x0000000100000000, 0x0000000100000000)
  eden space 261120K, 0% used [0x00000000eab00000,0x00000000eab00000,0x00000000faa00000)
  from space 41472K, 99% used [0x00000000faa00000,0x00000000fd249b98,0x00000000fd280000)
  to   space 46592K, 0% used [0x00000000fd280000,0x00000000fd280000,0x0000000100000000)
 ParOldGen       total 156672K, used 84228K [0x00000000c0000000, 0x00000000c9900000, 0x00000000eab00000)
  object space 156672K, 53% used [0x00000000c0000000,0x00000000c5241108,0x00000000c9900000)
 Metaspace       used 118061K, capacity 125432K, committed 125588K, reserved 1157120K
  class space    used 15619K, capacity 17458K, committed 17556K, reserved 1048576K
}

