# JRE version: OpenJDK Runtime Environment (8.0_152-b02) (build 1.8.0_152-release-1024-b02)
# Java VM: OpenJDK 64-Bit Server VM (25.152-b02 mixed mode windows-amd64 compressed oops)
Heap:
 PSYoungGen      total 293376K, used 88359K [0x00000000eab00000, 0x0000000100000000, 0x0000000100000000)
  eden space 242688K, 36% used [0x00000000eab00000,0x00000000f0149cc0,0x00000000f9800000)
  from space 50688K, 0% used [0x00000000fce80000,0x00000000fce80000,0x0000000100000000)
  to   space 53248K, 0% used [0x00000000f9800000,0x00000000f9800000,0x00000000fcc00000)
 ParOldGen       total 209408K, used 126485K [0x00000000c0000000, 0x00000000ccc80000, 0x00000000eab00000)
  object space 209408K, 60% used [0x00000000c0000000,0x00000000c7b855f8,0x00000000ccc80000)
 Metaspace       used 154635K, capacity 164150K, committed 164440K, reserved 1191936K
  class space    used 20399K, capacity 22787K, committed 22912K, reserved 1048576K
GC Heap History (10 events):
Event: 447.327 GC heap before
{Heap before GC invocations=17 (full 4):
 PSYoungGen      total 302080K, used 274242K [0x00000000eab00000, 0x0000000100000000, 0x0000000100000000)
  eden space 273408K, 100% used [0x00000000eab00000,0x00000000fb600000,0x00000000fb600000)
  from space 28672K, 2% used [0x00000000fe400000,0x00000000fe4d0be8,0x0000000100000000)
  to   space 37888K, 0% used [0x00000000fb600000,0x00000000fb600000,0x00000000fdb00000)
 ParOldGen       total 144384K, used 81897K [0x00000000c0000000, 0x00000000c8d00000, 0x00000000eab00000)
  object space 144384K, 56% used [0x00000000c0000000,0x00000000c4ffa670,0x00000000c8d00000)
 Metaspace       used 109156K, capacity 114994K, committed 115160K, reserved 1148928K
  class space    used 14446K, capacity 16002K, committed 16128K, reserved 1048576K
Event: 447.375 GC heap after
Heap after GC invocations=17 (full 4):
 PSYoungGen      total 305152K, used 31710K [0x00000000eab00000, 0x0000000100000000, 0x0000000100000000)
  eden space 273408K, 0% used [0x00000000eab00000,0x00000000eab00000,0x00000000fb600000)
  from space 31744K, 99% used [0x00000000fb600000,0x00000000fd4f79b8,0x00000000fd500000)
  to   space 41984K, 0% used [0x00000000fd700000,0x00000000fd700000,0x0000000100000000)
 ParOldGen       total 144384K, used 82065K [0x00000000c0000000, 0x00000000c8d00000, 0x00000000eab00000)
  object space 144384K, 56% used [0x00000000c0000000,0x00000000c5024690,0x00000000c8d00000)
 Metaspace       used 109156K, capacity 114994K, committed 115160K, reserved 1148928K
  class space    used 14446K, capacity 16002K, committed 16128K, reserved 1048576K
}
Event: 457.755 GC heap before
{Heap before GC invocations=18 (full 4):
 PSYoungGen      total 305152K, used 305118K [0x00000000eab00000, 0x0000000100000000, 0x0000000100000000)
  eden space 273408K, 100% used [0x00000000eab00000,0x00000000fb600000,0x00000000fb600000)
  from space 31744K, 99% used [0x00000000fb600000,0x00000000fd4f79b8,0x00000000fd500000)
  to   space 41984K, 0% used [0x00000000fd700000,0x00000000fd700000,0x0000000100000000)
 ParOldGen       total 144384K, used 82065K [0x00000000c0000000, 0x00000000c8d00000, 0x00000000eab00000)
  object space 144384K, 56% used [0x00000000c0000000,0x00000000c5024690,0x00000000c8d00000)
 Metaspace       used 125144K, capacity 132468K, committed 132696K, reserved 1163264K
  class space    used 16561K, capacity 18449K, committed 18560K, reserved 1048576K
Event: 457.801 GC heap after
Heap after GC invocations=18 (full 4):
 PSYoungGen      total 291840K, used 41956K [0x00000000eab00000, 0x0000000100000000, 0x0000000100000000)
  eden space 249856K, 0% used [0x00000000eab00000,0x00000000eab00000,0x00000000f9f00000)
  from space 41984K, 99% used [0x00000000fd700000,0x00000000ffff9018,0x0000000100000000)
  to   space 49664K, 0% used [0x00000000f9f00000,0x00000000f9f00000,0x00000000fcf80000)
 ParOldGen       total 144384K, used 85247K [0x00000000c0000000, 0x00000000c8d00000, 0x00000000eab00000)
  object space 144384K, 59% used [0x00000000c0000000,0x00000000c533fe38,0x00000000c8d00000)
 Metaspace       used 125144K, capacity 132468K, committed 132696K, reserved 1163264K
  class space    used 16561K, capacity 18449K, committed 18560K, reserved 1048576K
}
Event: 466.468 GC heap before
{Heap before GC invocations=19 (full 4):
 PSYoungGen      total 291840K, used 291812K [0x00000000eab00000, 0x0000000100000000, 0x0000000100000000)
  eden space 249856K, 100% used [0x00000000eab00000,0x00000000f9f00000,0x00000000f9f00000)
  from space 41984K, 99% used [0x00000000fd700000,0x00000000ffff9018,0x0000000100000000)
  to   space 49664K, 0% used [0x00000000f9f00000,0x00000000f9f00000,0x00000000fcf80000)
 ParOldGen       total 144384K, used 85247K [0x00000000c0000000, 0x00000000c8d00000, 0x00000000eab00000)
  object space 144384K, 59% used [0x00000000c0000000,0x00000000c533fe38,0x00000000c8d00000)
 Metaspace       used 140171K, capacity 148610K, committed 148696K, reserved 1177600K
  class space    used 18521K, capacity 20688K, committed 20736K, reserved 1048576K
Event: 466.541 GC heap after
Heap after GC invocations=19 (full 4):
 PSYoungGen      total 281088K, used 30760K [0x00000000eab00000, 0x0000000100000000, 0x0000000100000000)
  eden space 249856K, 0% used [0x00000000eab00000,0x00000000eab00000,0x00000000f9f00000)
  from space 31232K, 98% used [0x00000000f9f00000,0x00000000fbd0a3a0,0x00000000fbd80000)
  to   space 50688K, 0% used [0x00000000fce80000,0x00000000fce80000,0x0000000100000000)
 ParOldGen       total 144384K, used 116090K [0x00000000c0000000, 0x00000000c8d00000, 0x00000000eab00000)
  object space 144384K, 80% used [0x00000000c0000000,0x00000000c715e8b0,0x00000000c8d00000)
 Metaspace       used 140171K, capacity 148610K, committed 148696K, reserved 1177600K
  class space    used 18521K, capacity 20688K, committed 20736K, reserved 1048576K
}
Event: 529.284 GC heap before
{Heap before GC invocations=20 (full 4):
 PSYoungGen      total 281088K, used 216133K [0x00000000eab00000, 0x0000000100000000, 0x0000000100000000)
  eden space 249856K, 74% used [0x00000000eab00000,0x00000000f60070a0,0x00000000f9f00000)
  from space 31232K, 98% used [0x00000000f9f00000,0x00000000fbd0a3a0,0x00000000fbd80000)
  to   space 50688K, 0% used [0x00000000fce80000,0x00000000fce80000,0x0000000100000000)
 ParOldGen       total 144384K, used 116090K [0x00000000c0000000, 0x00000000c8d00000, 0x00000000eab00000)
  object space 144384K, 80% used [0x00000000c0000000,0x00000000c715e8b0,0x00000000c8d00000)
 Metaspace       used 152791K, capacity 162144K, committed 162264K, reserved 1189888K
  class space    used 20104K, capacity 22497K, committed 22528K, reserved 1048576K
Event: 529.338 GC heap after
Heap after GC invocations=20 (full 4):
 PSYoungGen      total 293376K, used 35480K [0x00000000eab00000, 0x0000000100000000, 0x0000000100000000)
  eden space 242688K, 0% used [0x00000000eab00000,0x00000000eab00000,0x00000000f9800000)
  from space 50688K, 69% used [0x00000000fce80000,0x00000000ff1263c8,0x0000000100000000)
  to   space 53248K, 0% used [0x00000000f9800000,0x00000000f9800000,0x00000000fcc00000)
 ParOldGen       total 144384K, used 116098K [0x00000000c0000000, 0x00000000c8d00000, 0x00000000eab00000)
  object space 144384K, 80% used [0x00000000c0000000,0x00000000c71608b0,0x00000000c8d00000)
 Metaspace       used 152791K, capacity 162144K, committed 162264K, reserved 1189888K
  class space    used 20104K, capacity 22497K, committed 22528K, reserved 1048576K
}
Event: 529.338 GC heap before
{Heap before GC invocations=21 (full 5):
 PSYoungGen      total 293376K, used 35480K [0x00000000eab00000, 0x0000000100000000, 0x0000000100000000)
  eden space 242688K, 0% used [0x00000000eab00000,0x00000000eab00000,0x00000000f9800000)
  from space 50688K, 69% used [0x00000000fce80000,0x00000000ff1263c8,0x0000000100000000)
  to   space 53248K, 0% used [0x00000000f9800000,0x00000000f9800000,0x00000000fcc00000)
 ParOldGen       total 144384K, used 116098K [0x00000000c0000000, 0x00000000c8d00000, 0x00000000eab00000)
  object space 144384K, 80% used [0x00000000c0000000,0x00000000c71608b0,0x00000000c8d00000)
 Metaspace       used 152791K, capacity 162144K, committed 162264K, reserved 1189888K
  class space    used 20104K, capacity 22497K, committed 22528K, reserved 1048576K
Event: 529.806 GC heap after
Heap after GC invocations=21 (full 5):
 PSYoungGen      total 293376K, used 0K [0x00000000eab00000, 0x0000000100000000, 0x0000000100000000)
  eden space 242688K, 0% used [0x00000000eab00000,0x00000000eab00000,0x00000000f9800000)
  from space 50688K, 0% used [0x00000000fce80000,0x00000000fce80000,0x0000000100000000)
  to   space 53248K, 0% used [0x00000000f9800000,0x00000000f9800000,0x00000000fcc00000)
 ParOldGen       total 209408K, used 126485K [0x00000000c0000000, 0x00000000ccc80000, 0x00000000eab00000)
  object space 209408K, 60% used [0x00000000c0000000,0x00000000c7b855f8,0x00000000ccc80000)
 Metaspace       used 152692K, capacity 161860K, committed 162264K, reserved 1189888K
  class space    used 20075K, capacity 22405K, committed 22528K, reserved 1048576K
}

