# JRE version: OpenJDK Runtime Environment (8.0_152-b02) (build 1.8.0_152-release-1024-b02)
# Java VM: OpenJDK 64-Bit Server VM (25.152-b02 mixed mode windows-amd64 compressed oops)
Heap:
 PSYoungGen      total 184832K, used 146961K [0x00000000eab00000, 0x00000000f7a80000, 0x0000000100000000)
  eden space 173568K, 84% used [0x00000000eab00000,0x00000000f3a84620,0x00000000f5480000)
  from space 11264K, 0% used [0x00000000f6200000,0x00000000f6200000,0x00000000f6d00000)
  to   space 13824K, 0% used [0x00000000f5480000,0x00000000f5480000,0x00000000f6200000)
 ParOldGen       total 50176K, used 39858K [0x00000000c0000000, 0x00000000c3100000, 0x00000000eab00000)
  object space 50176K, 79% used [0x00000000c0000000,0x00000000c26ecad8,0x00000000c3100000)
 Metaspace       used 62615K, capacity 64848K, committed 65112K, reserved 1105920K
  class space    used 8393K, capacity 9002K, committed 9088K, reserved 1048576K
GC Heap History (10 events):
Event: 7.316 GC heap before
{Heap before GC invocations=11 (full 2):
 PSYoungGen      total 135680K, used 8682K [0x00000000eab00000, 0x00000000f6d00000, 0x0000000100000000)
  eden space 126976K, 0% used [0x00000000eab00000,0x00000000eab00000,0x00000000f2700000)
  from space 8704K, 99% used [0x00000000f2700000,0x00000000f2f7a860,0x00000000f2f80000)
  to   space 11264K, 0% used [0x00000000f6200000,0x00000000f6200000,0x00000000f6d00000)
 ParOldGen       total 33280K, used 14976K [0x00000000c0000000, 0x00000000c2080000, 0x00000000eab00000)
  object space 33280K, 45% used [0x00000000c0000000,0x00000000c0ea0348,0x00000000c2080000)
 Metaspace       used 34630K, capacity 35316K, committed 35416K, reserved 1079296K
  class space    used 4771K, capacity 4982K, committed 4992K, reserved 1048576K
Event: 7.424 GC heap after
Heap after GC invocations=11 (full 2):
 PSYoungGen      total 135680K, used 0K [0x00000000eab00000, 0x00000000f6d00000, 0x0000000100000000)
  eden space 126976K, 0% used [0x00000000eab00000,0x00000000eab00000,0x00000000f2700000)
  from space 8704K, 0% used [0x00000000f2700000,0x00000000f2700000,0x00000000f2f80000)
  to   space 11264K, 0% used [0x00000000f6200000,0x00000000f6200000,0x00000000f6d00000)
 ParOldGen       total 47616K, used 19781K [0x00000000c0000000, 0x00000000c2e80000, 0x00000000eab00000)
  object space 47616K, 41% used [0x00000000c0000000,0x00000000c1351430,0x00000000c2e80000)
 Metaspace       used 34630K, capacity 35316K, committed 35416K, reserved 1079296K
  class space    used 4771K, capacity 4982K, committed 4992K, reserved 1048576K
}
Event: 9.152 GC heap before
{Heap before GC invocations=12 (full 2):
 PSYoungGen      total 135680K, used 126976K [0x00000000eab00000, 0x00000000f6d00000, 0x0000000100000000)
  eden space 126976K, 100% used [0x00000000eab00000,0x00000000f2700000,0x00000000f2700000)
  from space 8704K, 0% used [0x00000000f2700000,0x00000000f2700000,0x00000000f2f80000)
  to   space 11264K, 0% used [0x00000000f6200000,0x00000000f6200000,0x00000000f6d00000)
 ParOldGen       total 47616K, used 19781K [0x00000000c0000000, 0x00000000c2e80000, 0x00000000eab00000)
  object space 47616K, 41% used [0x00000000c0000000,0x00000000c1351430,0x00000000c2e80000)
 Metaspace       used 41076K, capacity 42094K, committed 42328K, reserved 1085440K
  class space    used 5617K, capacity 5976K, committed 6016K, reserved 1048576K
Event: 9.208 GC heap after
Heap after GC invocations=12 (full 2):
 PSYoungGen      total 184832K, used 11250K [0x00000000eab00000, 0x00000000f7a80000, 0x0000000100000000)
  eden space 173568K, 0% used [0x00000000eab00000,0x00000000eab00000,0x00000000f5480000)
  from space 11264K, 99% used [0x00000000f6200000,0x00000000f6cfcbf0,0x00000000f6d00000)
  to   space 13824K, 0% used [0x00000000f5480000,0x00000000f5480000,0x00000000f6200000)
 ParOldGen       total 47616K, used 22475K [0x00000000c0000000, 0x00000000c2e80000, 0x00000000eab00000)
  object space 47616K, 47% used [0x00000000c0000000,0x00000000c15f2d08,0x00000000c2e80000)
 Metaspace       used 41076K, capacity 42094K, committed 42328K, reserved 1085440K
  class space    used 5617K, capacity 5976K, committed 6016K, reserved 1048576K
}
Event: 13.286 GC heap before
{Heap before GC invocations=13 (full 2):
 PSYoungGen      total 184832K, used 184818K [0x00000000eab00000, 0x00000000f7a80000, 0x0000000100000000)
  eden space 173568K, 100% used [0x00000000eab00000,0x00000000f5480000,0x00000000f5480000)
  from space 11264K, 99% used [0x00000000f6200000,0x00000000f6cfcbf0,0x00000000f6d00000)
  to   space 13824K, 0% used [0x00000000f5480000,0x00000000f5480000,0x00000000f6200000)
 ParOldGen       total 47616K, used 22475K [0x00000000c0000000, 0x00000000c2e80000, 0x00000000eab00000)
  object space 47616K, 47% used [0x00000000c0000000,0x00000000c15f2d08,0x00000000c2e80000)
 Metaspace       used 53735K, capacity 55742K, committed 55896K, reserved 1097728K
  class space    used 7441K, capacity 7975K, committed 8064K, reserved 1048576K
Event: 13.471 GC heap after
Heap after GC invocations=13 (full 2):
 PSYoungGen      total 187392K, used 13819K [0x00000000eab00000, 0x00000000f7a80000, 0x0000000100000000)
  eden space 173568K, 0% used [0x00000000eab00000,0x00000000eab00000,0x00000000f5480000)
  from space 13824K, 99% used [0x00000000f5480000,0x00000000f61fef68,0x00000000f6200000)
  to   space 11264K, 0% used [0x00000000f6200000,0x00000000f6200000,0x00000000f6d00000)
 ParOldGen       total 47616K, used 37894K [0x00000000c0000000, 0x00000000c2e80000, 0x00000000eab00000)
  object space 47616K, 79% used [0x00000000c0000000,0x00000000c2501ad0,0x00000000c2e80000)
 Metaspace       used 53735K, capacity 55742K, committed 55896K, reserved 1097728K
  class space    used 7441K, capacity 7975K, committed 8064K, reserved 1048576K
}
Event: 14.523 GC heap before
{Heap before GC invocations=14 (full 2):
 PSYoungGen      total 187392K, used 53326K [0x00000000eab00000, 0x00000000f7a80000, 0x0000000100000000)
  eden space 173568K, 22% used [0x00000000eab00000,0x00000000ed194ad0,0x00000000f5480000)
  from space 13824K, 99% used [0x00000000f5480000,0x00000000f61fef68,0x00000000f6200000)
  to   space 11264K, 0% used [0x00000000f6200000,0x00000000f6200000,0x00000000f6d00000)
 ParOldGen       total 47616K, used 37894K [0x00000000c0000000, 0x00000000c2e80000, 0x00000000eab00000)
  object space 47616K, 79% used [0x00000000c0000000,0x00000000c2501ad0,0x00000000c2e80000)
 Metaspace       used 56875K, capacity 58892K, committed 59028K, reserved 1099776K
  class space    used 7844K, capacity 8388K, committed 8448K, reserved 1048576K
Event: 14.559 GC heap after
Heap after GC invocations=14 (full 2):
 PSYoungGen      total 184832K, used 4713K [0x00000000eab00000, 0x00000000f7a80000, 0x0000000100000000)
  eden space 173568K, 0% used [0x00000000eab00000,0x00000000eab00000,0x00000000f5480000)
  from space 11264K, 41% used [0x00000000f6200000,0x00000000f669a7b0,0x00000000f6d00000)
  to   space 13824K, 0% used [0x00000000f5480000,0x00000000f5480000,0x00000000f6200000)
 ParOldGen       total 50176K, used 50148K [0x00000000c0000000, 0x00000000c3100000, 0x00000000eab00000)
  object space 50176K, 99% used [0x00000000c0000000,0x00000000c30f93c0,0x00000000c3100000)
 Metaspace       used 56875K, capacity 58892K, committed 59028K, reserved 1099776K
  class space    used 7844K, capacity 8388K, committed 8448K, reserved 1048576K
}
Event: 14.559 GC heap before
{Heap before GC invocations=15 (full 3):
 PSYoungGen      total 184832K, used 4713K [0x00000000eab00000, 0x00000000f7a80000, 0x0000000100000000)
  eden space 173568K, 0% used [0x00000000eab00000,0x00000000eab00000,0x00000000f5480000)
  from space 11264K, 41% used [0x00000000f6200000,0x00000000f669a7b0,0x00000000f6d00000)
  to   space 13824K, 0% used [0x00000000f5480000,0x00000000f5480000,0x00000000f6200000)
 ParOldGen       total 50176K, used 50148K [0x00000000c0000000, 0x00000000c3100000, 0x00000000eab00000)
  object space 50176K, 99% used [0x00000000c0000000,0x00000000c30f93c0,0x00000000c3100000)
 Metaspace       used 56875K, capacity 58892K, committed 59028K, reserved 1099776K
  class space    used 7844K, capacity 8388K, committed 8448K, reserved 1048576K
Event: 14.933 GC heap after
Heap after GC invocations=15 (full 3):
 PSYoungGen      total 184832K, used 0K [0x00000000eab00000, 0x00000000f7a80000, 0x0000000100000000)
  eden space 173568K, 0% used [0x00000000eab00000,0x00000000eab00000,0x00000000f5480000)
  from space 11264K, 0% used [0x00000000f6200000,0x00000000f6200000,0x00000000f6d00000)
  to   space 13824K, 0% used [0x00000000f5480000,0x00000000f5480000,0x00000000f6200000)
 ParOldGen       total 50176K, used 39858K [0x00000000c0000000, 0x00000000c3100000, 0x00000000eab00000)
  object space 50176K, 79% used [0x00000000c0000000,0x00000000c26ecad8,0x00000000c3100000)
 Metaspace       used 56875K, capacity 58892K, committed 59028K, reserved 1099776K
  class space    used 7844K, capacity 8388K, committed 8448K, reserved 1048576K
}

